<?xml version="1.0" encoding="UTF-8"?>
<testsuite xmlns:xsi="http://www.w3.org/2001/XMLSchema-instance" xsi:noNamespaceSchemaLocation="https://maven.apache.org/surefire/maven-surefire-plugin/xsd/surefire-test-report-3.0.xsd" version="3.0" name="cucumber.Options.TestRRunner" time="4.905" tests="2" errors="0" skipped="0" failures="0">
  <properties>
[...]
</properties>
  <testcase name="Verify if place is successfully added using AddPlaceAPI" classname="Validating Place APIs" time="3.732">
    <system-out><![CDATA[maps/api/place/add/json
maps/api/place/get/json
aaaHouse
]]></system-out>
  </testcase>
  <testcase name="Verify if delete place functionality is working" classname="Validating Place APIs" time="0.586">
    <system-out><![CDATA[Inside Hooks the value of place_Id is 704b447e560d640e9d604b30f816c34a
maps/api/place/delete/json
]]></system-out>
  </testcase>
</testsuite>